[    0.000000] Initializing cgroup subsys cpuset
[    0.000000] Initializing cgroup subsys cpu
[    0.000000] Initializing cgroup subsys cpuacct
[    0.000000] Linux version 4.4.0-194-generic (buildd@lcy01-amd64-020) (gcc version 5.4.0 20160609 (Ubuntu 5.4.0-6ubuntu1~16.04.12) ) #226-Ubuntu SMP Wed Oct 21 10:19:36 UTC 2020 (Ubuntu 4.4.0-194.226-generic 4.4.236)
[    0.000000] Command line: BOOT_IMAGE=/boot/vmlinuz-4.4.0-194-generic root=LABEL=cloudimg-rootfs ro console=tty1 console=ttyS0
[    0.000000] KERNEL supported cpus:
[    0.000000]   Intel GenuineIntel
[    0.000000]   AMD AuthenticAMD
[    0.000000]   Centaur CentaurHauls
[    0.000000] x86/fpu: Legacy x87 FPU detected.
[    0.000000] e820: BIOS-provided physical RAM map:
[    0.000000] BIOS-e820: [mem 0x0000000000000000-0x000000000009fbff] usable
[    0.000000] BIOS-e820: [mem 0x000000000009fc00-0x000000000009ffff] reserved
[    0.000000] BIOS-e820: [mem 0x00000000000f0000-0x00000000000fffff] reserved
[    0.000000] BIOS-e820: [mem 0x0000000000100000-0x000000003ffeffff] usable
[    0.000000] BIOS-e820: [mem 0x000000003fff0000-0x000000003fffffff] ACPI data
[    0.000000] BIOS-e820: [mem 0x00000000fec00000-0x00000000fec00fff] reserved
[    0.000000] BIOS-e820: [mem 0x00000000fee00000-0x00000000fee00fff] reserved
[    0.000000] BIOS-e820: [mem 0x00000000fffc0000-0x00000000ffffffff] reserved
[    0.000000] NX (Execute Disable) protection: active
[    0.000000] SMBIOS 2.5 present.
[    0.000000] Hypervisor detected: KVM
[    0.000000] e820: last_pfn = 0x3fff0 max_arch_pfn = 0x400000000
[    0.000000] MTRR: Disabled
[    0.000000] x86/PAT: MTRRs disabled, skipping PAT initialization too.
[    0.000000] CPU MTRRs all blank - virtualized system.
[    0.000000] x86/PAT: Configuration [0-7]: WB  WT  UC- UC  WB  WT  UC- UC  
[    0.000000] found SMP MP-table at [mem 0x0009fff0-0x0009ffff] mapped at [ffff88000009fff0]
[    0.000000] Scanning 1 areas for low memory corruption
[    0.000000] RAMDISK: [mem 0x362e0000-0x37167fff]
[    0.000000] ACPI: Early table checksum verification disabled
[    0.000000] ACPI: RSDP 0x00000000000E0000 000024 (v02 VBOX  )
[    0.000000] ACPI: XSDT 0x000000003FFF0030 00003C (v01 VBOX   VBOXXSDT 00000001 ASL  00000061)
[    0.000000] ACPI: FACP 0x000000003FFF00F0 0000F4 (v04 VBOX   VBOXFACP 00000001 ASL  00000061)
[    0.000000] ACPI: DSDT 0x000000003FFF0470 002325 (v02 VBOX   VBOXBIOS 00000002 INTL 20100528)
[    0.000000] ACPI: FACS 0x000000003FFF0200 000040
[    0.000000] ACPI: FACS 0x000000003FFF0200 000040
[    0.000000] ACPI: APIC 0x000000003FFF0240 00005C (v02 VBOX   VBOXAPIC 00000001 ASL  00000061)
[    0.000000] ACPI: SSDT 0x000000003FFF02A0 0001CC (v01 VBOX   VBOXCPUT 00000002 INTL 20100528)
[    0.000000] No NUMA configuration found
[    0.000000] Faking a node at [mem 0x0000000000000000-0x000000003ffeffff]
[    0.000000] NODE_DATA(0) allocated [mem 0x3ffeb000-0x3ffeffff]
[    0.000000] kvm-clock: Using msrs 4b564d01 and 4b564d00
[    0.000000] kvm-clock: cpu 0, msr 0:3ffe3001, primary cpu clock
[    0.000000] kvm-clock: using sched offset of 4203225629 cycles
[    0.000000] clocksource: kvm-clock: mask: 0xffffffffffffffff max_cycles: 0x1cd42e4dffb, max_idle_ns: 881590591483 ns
[    0.000000] Zone ranges:
[    0.000000]   DMA      [mem 0x0000000000001000-0x0000000000ffffff]
[    0.000000]   DMA32    [mem 0x0000000001000000-0x000000003ffeffff]
[    0.000000]   Normal   empty
[    0.000000]   Device   empty
[    0.000000] Movable zone start for each node
[    0.000000] Early memory node ranges
[    0.000000]   node   0: [mem 0x0000000000001000-0x000000000009efff]
[    0.000000]   node   0: [mem 0x0000000000100000-0x000000003ffeffff]
[    0.000000] Initmem setup node 0 [mem 0x0000000000001000-0x000000003ffeffff]
[    0.000000] ACPI: PM-Timer IO Port: 0x4008
[    0.000000] IOAPIC[0]: apic_id 2, version 32, address 0xfec00000, GSI 0-23
[    0.000000] ACPI: INT_SRC_OVR (bus 0 bus_irq 0 global_irq 2 dfl dfl)
[    0.000000] ACPI: INT_SRC_OVR (bus 0 bus_irq 9 global_irq 9 low level)
[    0.000000] Using ACPI (MADT) for SMP configuration information
[    0.000000] smpboot: Allowing 2 CPUs, 0 hotplug CPUs
[    0.000000] PM: Registered nosave memory: [mem 0x00000000-0x00000fff]
[    0.000000] PM: Registered nosave memory: [mem 0x0009f000-0x0009ffff]
[    0.000000] PM: Registered nosave memory: [mem 0x000a0000-0x000effff]
[    0.000000] PM: Registered nosave memory: [mem 0x000f0000-0x000fffff]
[    0.000000] e820: [mem 0x40000000-0xfebfffff] available for PCI devices
[    0.000000] Booting paravirtualized kernel on KVM
[    0.000000] clocksource: refined-jiffies: mask: 0xffffffff max_cycles: 0xffffffff, max_idle_ns: 7645519600211568 ns
[    0.000000] setup_percpu: NR_CPUS:512 nr_cpumask_bits:512 nr_cpu_ids:2 nr_node_ids:1
[    0.000000] PERCPU: Embedded 33 pages/cpu @ffff88003fc00000 s95512 r8192 d31464 u1048576
[    0.000000] Built 1 zonelists in Node order, mobility grouping on.  Total pages: 257912
[    0.000000] Policy zone: DMA32
[    0.000000] Kernel command line: BOOT_IMAGE=/boot/vmlinuz-4.4.0-194-generic root=LABEL=cloudimg-rootfs ro console=tty1 console=ttyS0
[    0.000000] PID hash table entries: 4096 (order: 3, 32768 bytes)
[    0.000000] Memory: 997664K/1048120K available (8640K kernel code, 1337K rwdata, 4040K rodata, 1492K init, 1296K bss, 50456K reserved, 0K cma-reserved)
[    0.000000] SLUB: HWalign=64, Order=0-3, MinObjects=0, CPUs=2, Nodes=1
[    0.000000] Kernel/User page tables isolation: enabled
[    0.000000] Hierarchical RCU implementation.
[    0.000000] 	Build-time adjustment of leaf fanout to 64.
[    0.000000] 	RCU restricting CPUs from NR_CPUS=512 to nr_cpu_ids=2.
[    0.000000] RCU: Adjusting geometry for rcu_fanout_leaf=64, nr_cpu_ids=2
[    0.000000] NR_IRQS:33024 nr_irqs:440 16
[    0.000000] Console: colour VGA+ 80x25
[    0.000000] console [tty1] enabled
[    0.000000] console [ttyS0] enabled
[    0.000000] tsc: Detected 3398.032 MHz processor
[    0.554785] Calibrating delay loop (skipped) preset value.. 6796.06 BogoMIPS (lpj=13592128)
[    0.562722] pid_max: default: 32768 minimum: 301
[    0.567121] ACPI: Core revision 20150930
[    0.571700] ACPI: 2 ACPI AML tables successfully acquired and loaded
[    0.577609] Security Framework initialized
[    0.581335] Yama: becoming mindful.
[    0.584470] AppArmor: AppArmor initialized
[    0.588156] Dentry cache hash table entries: 131072 (order: 8, 1048576 bytes)
[    0.598260] Inode-cache hash table entries: 65536 (order: 7, 524288 bytes)
[    0.607616] Mount-cache hash table entries: 2048 (order: 2, 16384 bytes)
[    0.613217] Mountpoint-cache hash table entries: 2048 (order: 2, 16384 bytes)
[    0.624510] Initializing cgroup subsys io
[    0.627958] Initializing cgroup subsys memory
[    0.632823] Initializing cgroup subsys devices
[    0.636739] Initializing cgroup subsys freezer
[    0.640271] Initializing cgroup subsys net_cls
[    0.644178] Initializing cgroup subsys perf_event
[    0.647980] Initializing cgroup subsys net_prio
[    0.652411] Initializing cgroup subsys hugetlb
[    0.656093] Initializing cgroup subsys pids
[    0.660177] mce: CPU supports 0 MCE banks
[    0.664642] Last level iTLB entries: 4KB 1024, 2MB 1024, 4MB 1024
[    0.669716] Last level dTLB entries: 4KB 1024, 2MB 1024, 4MB 1024, 1GB 4
[    0.676398] Spectre V1 : Mitigation: usercopy/swapgs barriers and __user pointer sanitization
[    0.684175] Spectre V2 : Mitigation: Full generic retpoline
[    0.688619] Spectre V2 : Spectre v2 / SpectreRSB mitigation: Filling RSB on context switch
[    0.695787] Speculative Store Bypass: Vulnerable
[    0.700903] MDS: Mitigation: Clear CPU buffers
[    0.728955] Freeing SMP alternatives memory: 36K
[    0.791871] ftrace: allocating 32346 entries in 127 pages
[    1.434634] smpboot: APIC(0) Converting physical 0 to logical package 0
[    1.442383] smpboot: Max logical packages: 1
[    1.461444] ..TIMER: vector=0x30 apic1=0 pin1=2 apic2=-1 pin2=-1
[    1.576166] smpboot: CPU0: Intel(R) Core(TM) i5-4670K CPU @ 3.40GHz (family: 0x6, model: 0x3c, stepping: 0x3)
[    1.590864] Performance Events: unsupported p6 CPU model 60 no PMU driver, software events only.
[    1.658030] KVM setup paravirtual spinlock
[    1.664210] x86: Booting SMP configuration:
[    1.668138] .... node  #0, CPUs:      #1
[    1.673031] kvm-clock: cpu 1, msr 0:3ffe3041, secondary cpu clock
[    1.676449] mce: CPU supports 0 MCE banks
[    1.679607] TSC synchronization [CPU#0 -> CPU#1]:
[    1.683292] Measured 91690 cycles TSC warp between CPUs, turning off TSC clock.
[    1.688958] tsc: Marking TSC unstable due to check_tsc_sync_source failed
[    0.476443] x86: Booted up 1 node, 2 CPUs
[    0.479426] smpboot: Total of 2 processors activated (13592.12 BogoMIPS)
[    0.484688] devtmpfs: initialized
[    0.489519] evm: security.selinux
[    0.492006] evm: security.SMACK64
[    0.494711] evm: security.SMACK64EXEC
[    0.496003] evm: security.SMACK64TRANSMUTE
[    0.500003] evm: security.SMACK64MMAP
[    0.504003] evm: security.ima
[    0.506383] evm: security.capability
[    0.508435] clocksource: jiffies: mask: 0xffffffff max_cycles: 0xffffffff, max_idle_ns: 7645041785100000 ns
[    0.512144] futex hash table entries: 512 (order: 3, 32768 bytes)
[    0.516535] pinctrl core: initialized pinctrl subsystem
[    0.520287] RTC time: 16:49:45, date: 11/28/20
[    0.524937] NET: Registered protocol family 16
[    0.540007] cpuidle: using governor ladder
[    0.552007] cpuidle: using governor menu
[    0.554907] PCCT header not found.
[    0.556233] ACPI: bus type PCI registered
[    0.560005] acpiphp: ACPI Hot Plug PCI Controller Driver version: 0.5
[    0.564414] PCI: Using configuration type 1 for base access
[    0.588763] ACPI: Added _OSI(Module Device)
[    0.592007] ACPI: Added _OSI(Processor Device)
[    0.596005] ACPI: Added _OSI(3.0 _SCP Extensions)
[    0.600006] ACPI: Added _OSI(Processor Aggregator Device)
[    0.605193] ACPI: Executed 1 blocks of module-level executable AML code
[    0.612451] ACPI: Interpreter enabled
[    0.615166] ACPI: (supports S0 S5)
[    0.616004] ACPI: Using IOAPIC for interrupt routing
[    0.620291] PCI: Using host bridge windows from ACPI; if necessary, use "pci=nocrs" and report a bug
[    0.632483] ACPI: PCI Root Bridge [PCI0] (domain 0000 [bus 00-ff])
[    0.636012] acpi PNP0A03:00: _OSC: OS supports [ASPM ClockPM Segments MSI]
[    0.640694] acpi PNP0A03:00: _OSC: not requesting OS control; OS requires [ExtendedConfig ASPM ClockPM MSI]
[    0.644013] acpi PNP0A03:00: fail to add MMCONFIG information, can't access extended PCI configuration space under this bridge.
[    0.648542] PCI host bridge to bus 0000:00
[    0.652007] pci_bus 0000:00: root bus resource [io  0x0000-0x0cf7 window]
[    0.656007] pci_bus 0000:00: root bus resource [io  0x0d00-0xffff window]
[    0.660008] pci_bus 0000:00: root bus resource [mem 0x000a0000-0x000bffff window]
[    0.664008] pci_bus 0000:00: root bus resource [mem 0x40000000-0xfdffffff window]
[    0.668008] pci_bus 0000:00: root bus resource [bus 00-ff]
[    0.679981] pci 0000:00:01.1: legacy IDE quirk: reg 0x10: [io  0x01f0-0x01f7]
[    0.680006] pci 0000:00:01.1: legacy IDE quirk: reg 0x14: [io  0x03f6]
[    0.684007] pci 0000:00:01.1: legacy IDE quirk: reg 0x18: [io  0x0170-0x0177]
[    0.688006] pci 0000:00:01.1: legacy IDE quirk: reg 0x1c: [io  0x0376]
[    0.748638] pci 0000:00:07.0: quirk: [io  0x4000-0x403f] claimed by PIIX4 ACPI
[    0.752034] pci 0000:00:07.0: quirk: [io  0x4100-0x410f] claimed by PIIX4 SMB
[    0.768808] ACPI: PCI Interrupt Link [LNKA] (IRQs 5 9 10 *11)
[    0.780405] ACPI: PCI Interrupt Link [LNKB] (IRQs 5 9 *10 11)
[    0.790287] ACPI: PCI Interrupt Link [LNKC] (IRQs 5 *9 10 11)
[    0.796982] ACPI: PCI Interrupt Link [LNKD] (IRQs 5 9 10 *11)
[    0.805760] ACPI: Enabled 2 GPEs in block 00 to 07
[    0.808395] vgaarb: setting as boot device: PCI:0000:00:02.0
[    0.812000] vgaarb: device added: PCI:0000:00:02.0,decodes=io+mem,owns=io+mem,locks=none
[    0.812013] vgaarb: loaded
[    0.816006] vgaarb: bridge control possible 0000:00:02.0
[    0.820490] SCSI subsystem initialized
[    0.828416] ACPI: bus type USB registered
[    0.832058] usbcore: registered new interface driver usbfs
[    0.836032] usbcore: registered new interface driver hub
[    0.840147] usbcore: registered new device driver usb
[    0.848523] PCI: Using ACPI for IRQ routing
[    0.852788] NetLabel: Initializing
[    0.856004] NetLabel:  domain hash size = 128
[    0.860005] NetLabel:  protocols = UNLABELED CIPSOv4
[    0.864022] NetLabel:  unlabeled traffic allowed by default
[    0.872084] amd_nb: Cannot enumerate AMD northbridges
[    0.876345] clocksource: Switched to clocksource kvm-clock
[    0.919505] AppArmor: AppArmor Filesystem Enabled
[    0.922998] pnp: PnP ACPI init
[    0.922998] pnp: PnP ACPI: found 3 devices
[    0.973300] clocksource: acpi_pm: mask: 0xffffff max_cycles: 0xffffff, max_idle_ns: 2085701024 ns
[    0.976325] NET: Registered protocol family 2
[    0.984336] TCP established hash table entries: 8192 (order: 4, 65536 bytes)
[    0.989918] TCP bind hash table entries: 8192 (order: 5, 131072 bytes)
[    0.993573] TCP: Hash tables configured (established 8192 bind 8192)
[    0.993573] UDP hash table entries: 512 (order: 2, 16384 bytes)
[    0.993573] UDP-Lite hash table entries: 512 (order: 2, 16384 bytes)
[    0.993573] NET: Registered protocol family 1
[    0.993573] pci 0000:00:00.0: Limiting direct PCI/PCI transfers
[    0.993573] pci 0000:00:01.0: Activating ISA DMA hang workarounds
[    0.993573] Unpacking initramfs...
[    1.480505] Freeing initrd memory: 14880K
[    1.483665] RAPL PMU detected, API unit is 2^-32 Joules, 4 fixed counters 10737418240 ms ovfl timer
[    1.493840] hw unit of domain pp0-core 2^-0 Joules
[    1.497798] hw unit of domain package 2^-0 Joules
[    1.501448] hw unit of domain dram 2^-0 Joules
[    1.504916] hw unit of domain pp1-gpu 2^-0 Joules
[    1.508892] clocksource: tsc: mask: 0xffffffffffffffff max_cycles: 0x30fb0bc6d54, max_idle_ns: 440795315994 ns
[    1.516128] platform rtc_cmos: registered platform RTC device (no PNP device found)
[    1.521861] Scanning for low memory corruption every 60 seconds
[    1.528382] audit: initializing netlink subsys (disabled)
[    1.532086] audit: type=2000 audit(1606582191.624:1): initialized
[    1.538425] Initialise system trusted keyring
[    1.542986] HugeTLB registered 2 MB page size, pre-allocated 0 pages
[    1.550572] zbud: loaded
[    1.553594] VFS: Disk quotas dquot_6.6.0
[    1.556675] VFS: Dquot-cache hash table entries: 512 (order 0, 4096 bytes)
[    1.563510] squashfs: version 4.0 (2009/01/31) Phillip Lougher
[    1.569862] fuse init (API version 7.23)
[    1.573874] Key type big_key registered
[    1.576929] Allocating IMA MOK and blacklist keyrings.
[    1.592408] Key type asymmetric registered
[    1.595691] Asymmetric key parser 'x509' registered
[    1.600681] Block layer SCSI generic (bsg) driver version 0.4 loaded (major 249)
[    1.607014] io scheduler noop registered
[    1.610195] io scheduler deadline registered (default)
[    1.614101] io scheduler cfq registered
[    1.617334] pci_hotplug: PCI Hot Plug PCI Core version: 0.5
[    1.621547] pciehp: PCI Express Hot Plug Controller Driver version: 0.4
[    1.626736] ACPI: AC Adapter [AC] (on-line)
[    1.630172] input: Power Button as /devices/LNXSYSTM:00/LNXPWRBN:00/input/input0
[    1.636276] ACPI: Power Button [PWRF]
[    1.640073] input: Sleep Button as /devices/LNXSYSTM:00/LNXSLPBN:00/input/input1
[    1.647494] ACPI: Sleep Button [SLPF]
[    1.652328] GHES: HEST is not enabled!
[    1.655843] Serial: 8250/16550 driver, 32 ports, IRQ sharing enabled
[    1.686046] 00:02: ttyS0 at I/O 0x3f8 (irq = 4, base_baud = 115200) is a 16550A
[    1.712165] Linux agpgart interface v0.103
[    1.725775] loop: module loaded
[    1.730460] scsi host0: ata_piix
[    1.734415] scsi host1: ata_piix
[    1.737296] ata1: PATA max UDMA/33 cmd 0x1f0 ctl 0x3f6 bmdma 0xd000 irq 14
[    1.741207] ata2: PATA max UDMA/33 cmd 0x170 ctl 0x376 bmdma 0xd008 irq 15
[    1.747132] libphy: Fixed MDIO Bus: probed
[    1.751312] tun: Universal TUN/TAP device driver, 1.6
[    1.756343] tun: (C) 1999-2004 Max Krasnyansky <maxk@qualcomm.com>
[    1.761043] PPP generic driver version 2.4.2
[    1.764898] ehci_hcd: USB 2.0 'Enhanced' Host Controller (EHCI) Driver
[    1.769609] ehci-pci: EHCI PCI platform driver
[    1.773386] ehci-platform: EHCI generic platform driver
[    1.777748] ohci_hcd: USB 1.1 'Open' Host Controller (OHCI) Driver
[    1.782310] ohci-pci: OHCI PCI platform driver
[    1.786178] ohci-platform: OHCI generic platform driver
[    1.790162] uhci_hcd: USB Universal Host Controller Interface driver
[    1.794827] i8042: PNP: PS/2 Controller [PNP0303:PS2K,PNP0f03:PS2M] at 0x60,0x64 irq 1,12
[    1.804500] serio: i8042 KBD port at 0x60,0x64 irq 1
[    1.809034] serio: i8042 AUX port at 0x60,0x64 irq 12
[    1.813760] mousedev: PS/2 mouse device common for all mice
[    1.821508] rtc_cmos rtc_cmos: rtc core: registered rtc_cmos as rtc0
[    1.828637] rtc_cmos rtc_cmos: alarms up to one day, 114 bytes nvram
[    1.834619] input: AT Translated Set 2 keyboard as /devices/platform/i8042/serio0/input/input2
[    1.841481] i2c /dev entries driver
[    1.845142] device-mapper: uevent: version 1.0.3
[    1.851003] device-mapper: ioctl: 4.34.0-ioctl (2015-10-28) initialised: dm-devel@redhat.com
[    1.859682] ledtrig-cpu: registered to indicate activity on CPUs
[    1.867873] NET: Registered protocol family 10
[    1.872675] NET: Registered protocol family 17
[    1.875895] Key type dns_resolver registered
[    1.882034] registered taskstats version 1
[    1.885316] Loading compiled-in X.509 certificates
[    1.889501] Loaded X.509 cert 'Build time autogenerated kernel key: 12717d7bded22cc9f4c9021cf049cb5c0a2cb7b0'
[    1.896939] zswap: loaded using pool lzo/zbud
[    1.961416] Key type trusted registered
[    1.970101] Key type encrypted registered
[    1.973219] AppArmor: AppArmor sha1 policy hashing enabled
[    1.977567] ima: No TPM chip found, activating TPM-bypass!
[    1.981679] ima: Allocated hash algorithm: sha1
[    1.985356] evm: HMAC attrs: 0x1
[    1.989059]   Magic number: 12:620:844
[    1.992553] rtc_cmos rtc_cmos: setting system clock to 2020-11-28 16:49:47 UTC (1606582187)
[    1.999402] BIOS EDD facility v0.16 2004-Jun-25, 0 devices found
[    2.004714] EDD information not available.
[    2.011243] Freeing unused kernel memory: 1492K
[    2.015235] Write protecting the kernel read-only data: 14336k
[    2.021245] Freeing unused kernel memory: 1588K
[    2.025257] Freeing unused kernel memory: 56K
Loading, please wait...
starting version 229
[    2.054592] random: systemd-udevd: uninitialized urandom read (16 bytes read, 5 bits of entropy available)
[    2.055561] random: udevadm: uninitialized urandom read (16 bytes read, 5 bits of entropy available)
[    2.055580] random: udevadm: uninitialized urandom read (16 bytes read, 5 bits of entropy available)
[    2.068976] random: udevadm: uninitialized urandom read (16 bytes read, 5 bits of entropy available)
[    2.069012] random: udevadm: uninitialized urandom read (16 bytes read, 5 bits of entropy available)
[    2.069190] random: udevadm: uninitialized urandom read (16 bytes read, 5 bits of entropy available)
[    2.069237] random: udevadm: uninitialized urandom read (16 bytes read, 5 bits of entropy available)
[    2.069337] random: udevadm: uninitialized urandom read (16 bytes read, 5 bits of entropy available)
[    2.069385] random: udevadm: uninitialized urandom read (16 bytes read, 5 bits of entropy available)
[    2.069463] random: udevadm: uninitialized urandom read (16 bytes read, 5 bits of entropy available)
[    2.182871] e1000: Intel(R) PRO/1000 Network Driver - version 7.3.21-k8-NAPI
[    2.188803] e1000: Copyright (c) 1999-2006 Intel Corporation.
[    2.196707] Fusion MPT base driver 3.04.20
[    2.200016] Copyright (c) 1999-2008 LSI Corporation
[    2.237183] Fusion MPT SPI Host driver 3.04.20
[    2.852214] input: ImExPS/2 Generic Explorer Mouse as /devices/platform/i8042/serio1/input/input4
[    2.873613] e1000 0000:00:03.0 eth0: (PCI:33MHz:32-bit) 02:52:c9:cb:9b:b8
[    2.878711] e1000 0000:00:03.0 eth0: Intel(R) PRO/1000 Network Connection
[    3.621156] e1000 0000:00:08.0 eth1: (PCI:33MHz:32-bit) 08:00:27:0c:76:15
[    3.628522] e1000 0000:00:08.0 eth1: Intel(R) PRO/1000 Network Connection
[    3.637482] e1000 0000:00:08.0 enp0s8: renamed from eth1
[    3.648010] mptbase: ioc0: Initiating bringup
[    3.664680] e1000 0000:00:03.0 enp0s3: renamed from eth0
[    3.728253] ioc0: LSI53C1030 A0: Capabilities={Initiator}
[    4.013595] scsi host2: ioc0: LSI53C1030 A0, FwRev=00000000h, Ports=1, MaxQ=256, IRQ=20
[    4.402138] scsi 2:0:0:0: Direct-Access     VBOX     HARDDISK         1.0  PQ: 0 ANSI: 5
[    4.410484] scsi target2:0:0: Beginning Domain Validation
[    4.423741] scsi target2:0:0: Domain Validation skipping write tests
[    4.430840] scsi target2:0:0: Ending Domain Validation
[    4.438413] scsi target2:0:0: asynchronous
[    4.446274] scsi 2:0:1:0: Direct-Access     VBOX     HARDDISK         1.0  PQ: 0 ANSI: 5
[    4.455011] scsi target2:0:1: Beginning Domain Validation
[    4.467429] scsi target2:0:1: Domain Validation skipping write tests
[    4.495985] scsi target2:0:1: Ending Domain Validation
[    4.502180] scsi target2:0:1: asynchronous
[    4.530328] sd 2:0:0:0: Attached scsi generic sg0 type 0
[    4.538543] sd 2:0:0:0: [sda] 20971520 512-byte logical blocks: (10.7 GB/10.0 GiB)
[    4.538745] sd 2:0:1:0: Attached scsi generic sg1 type 0
[    4.539702] sd 2:0:1:0: [sdb] 20480 512-byte logical blocks: (10.5 MB/10.0 MiB)
[    4.541676] sd 2:0:1:0: [sdb] Write Protect is off
[    4.543079] sd 2:0:1:0: [sdb] Incomplete mode parameter data
[    4.543080] sd 2:0:1:0: [sdb] Assuming drive cache: write through
[    4.550386] sd 2:0:1:0: [sdb] Attached SCSI disk
[    4.578413] sd 2:0:0:0: [sda] Write Protect is off
[    4.583161] sd 2:0:0:0: [sda] Incomplete mode parameter data
[    4.589371] sd 2:0:0:0: [sda] Assuming drive cache: write through
[    4.600413]  sda: sda1
[    4.606124] sd 2:0:0:0: [sda] Attached SCSI disk
Begin: Loading essential drivers ... [    6.273200] md: linear personality registered for level -1
[    6.282161] md: multipath personality registered for level -4
[    6.291377] md: raid0 personality registered for level 0
[    6.309158] md: raid1 personality registered for level 1
